app/build/outputs/mapping/release/mapping.txt
tool.lmxy1990.keyblocker.activity.MainActivity -> tool.lmxy1990.keyblocker.activity.MainActivity:
    android.content.SharedPreferences mSp -> a
    android.content.SharedPreferences$Editor mSpEditor -> b
    android.widget.Button mBtnStart -> c
    android.widget.Button mBtnSettings -> d
    android.widget.Button mBtnAccessEntry -> e
    void <init>() -> <init>
    void onCreate(android.os.Bundle) -> onCreate
    void initHandle() -> a
    void initView() -> b
tool.lmxy1990.keyblocker.activity.MainActivity$1 -> tool.lmxy1990.keyblocker.activity.MainActivity$1:
    tool.lmxy1990.keyblocker.activity.MainActivity this$0 -> a
    void <init>(tool.lmxy1990.keyblocker.activity.MainActivity) -> <init>
    void onClick(android.view.View) -> onClick
tool.lmxy1990.keyblocker.activity.MainActivity$2 -> tool.lmxy1990.keyblocker.activity.MainActivity$2:
    tool.lmxy1990.keyblocker.activity.MainActivity this$0 -> a
    void <init>(tool.lmxy1990.keyblocker.activity.MainActivity) -> <init>
    void onClick(android.view.View) -> onClick
tool.lmxy1990.keyblocker.activity.MainActivity$3 -> tool.lmxy1990.keyblocker.activity.MainActivity$3:
    tool.lmxy1990.keyblocker.activity.MainActivity this$0 -> a
    void <init>(tool.lmxy1990.keyblocker.activity.MainActivity) -> <init>
    void onClick(android.view.View) -> onClick
tool.lmxy1990.keyblocker.activity.SettingsActivity -> tool.lmxy1990.keyblocker.activity.SettingsActivity:
    android.content.SharedPreferences mSp -> a
    android.content.SharedPreferences$Editor mSpEditor -> b
    java.lang.String[] AppNames -> c
    java.lang.String[] PkgNames -> d
    boolean[] AppState -> e
    boolean AppListOpening -> f
    java.lang.String mCustomKeycodeRegEx -> g
    void <init>() -> <init>
    void onCreate(android.os.Bundle) -> onCreate
    void Settings() -> a
    void getAppInfo(android.content.Context,java.util.ArrayList) -> a
    boolean displayToast(boolean) -> a
    boolean access$000(tool.lmxy1990.keyblocker.activity.SettingsActivity,boolean) -> a
    android.content.SharedPreferences access$100(tool.lmxy1990.keyblocker.activity.SettingsActivity) -> a
    android.content.SharedPreferences$Editor access$200(tool.lmxy1990.keyblocker.activity.SettingsActivity) -> b
    java.lang.String access$300(tool.lmxy1990.keyblocker.activity.SettingsActivity) -> c
    boolean access$400(tool.lmxy1990.keyblocker.activity.SettingsActivity) -> d
    boolean access$402(tool.lmxy1990.keyblocker.activity.SettingsActivity,boolean) -> b
    void access$500(tool.lmxy1990.keyblocker.activity.SettingsActivity,android.content.Context,java.util.ArrayList) -> a
    boolean[] access$600(tool.lmxy1990.keyblocker.activity.SettingsActivity) -> e
    java.lang.String[] access$700(tool.lmxy1990.keyblocker.activity.SettingsActivity) -> f
tool.lmxy1990.keyblocker.activity.SettingsActivity$1 -> tool.lmxy1990.keyblocker.activity.SettingsActivity$1:
    tool.lmxy1990.keyblocker.activity.SettingsActivity this$0 -> a
    void <init>(tool.lmxy1990.keyblocker.activity.SettingsActivity) -> <init>
    boolean onPreferenceChange(android.preference.Preference,java.lang.Object) -> onPreferenceChange
tool.lmxy1990.keyblocker.activity.SettingsActivity$2 -> tool.lmxy1990.keyblocker.activity.SettingsActivity$2:
    tool.lmxy1990.keyblocker.activity.SettingsActivity this$0 -> a
    void <init>(tool.lmxy1990.keyblocker.activity.SettingsActivity) -> <init>
    boolean onPreferenceChange(android.preference.Preference,java.lang.Object) -> onPreferenceChange
tool.lmxy1990.keyblocker.activity.SettingsActivity$3 -> tool.lmxy1990.keyblocker.activity.SettingsActivity$3:
    tool.lmxy1990.keyblocker.activity.SettingsActivity this$0 -> a
    void <init>(tool.lmxy1990.keyblocker.activity.SettingsActivity) -> <init>
    boolean onPreferenceChange(android.preference.Preference,java.lang.Object) -> onPreferenceChange